<?xml version="1.0" encoding="UTF-8"?>
<testng-results skipped="0" failed="0" ignored="0" total="1" passed="1">
  <reporter-output>
  </reporter-output>
  <suite name="TaskOne" duration-ms="54689" started-at="2019-02-25T08:29:49Z" finished-at="2019-02-25T08:30:44Z">
    <groups>
    </groups>
    <test name="SelectBrandsInFilter" duration-ms="54689" started-at="2019-02-25T08:29:49Z" finished-at="2019-02-25T08:30:44Z">
      <class name="zalora.testCases.selectBrandsForFilter">
        <test-method status="PASS" signature="selectBrandsForFiltering(java.lang.String, java.lang.String, java.lang.String, java.lang.String, java.lang.String)[pri:0, instance:zalora.testCases.selectBrandsForFilter@ae45eb6]" name="selectBrandsForFiltering" duration-ms="54665" started-at="2019-02-25T08:29:49Z" finished-at="2019-02-25T08:30:44Z">
          <params>
            <param index="0">
              <value>
                <![CDATA[adidas]]>
              </value>
            </param>
            <param index="1">
              <value>
                <![CDATA[FILA]]>
              </value>
            </param>
            <param index="2">
              <value>
                <![CDATA[CR7]]>
              </value>
            </param>
            <param index="3">
              <value>
                <![CDATA[Armani Exchange]]>
              </value>
            </param>
            <param index="4">
              <value>
                <![CDATA[BOSS]]>
              </value>
            </param>
          </params>
          <reporter-output>
          </reporter-output>
        </test-method> <!-- selectBrandsForFiltering -->
        <test-method status="PASS" signature="teardown()[pri:0, instance:zalora.testCases.selectBrandsForFilter@ae45eb6]" name="teardown" is-config="true" duration-ms="963" started-at="2019-02-25T08:30:44Z" finished-at="2019-02-25T08:30:45Z">
          <reporter-output>
          </reporter-output>
        </test-method> <!-- teardown -->
      </class> <!-- zalora.testCases.selectBrandsForFilter -->
    </test> <!-- SelectBrandsInFilter -->
  </suite> <!-- TaskOne -->
</testng-results>
