<?xml version="1.0" encoding="UTF-8"?>
<testng-results skipped="0" failed="1" ignored="0" total="2" passed="1">
  <reporter-output>
  </reporter-output>
  <suite name="Zalora Offline Assignment" duration-ms="29714" started-at="2019-02-26T14:50:23Z" finished-at="2019-02-26T14:50:53Z">
    <groups>
    </groups>
    <test name="SelectBrandsInFilter" duration-ms="29694" started-at="2019-02-26T14:50:23Z" finished-at="2019-02-26T14:50:53Z">
      <class name="zalora.testCases.selectBrandsForFilter">
        <test-method status="PASS" signature="init()[pri:0, instance:zalora.testCases.selectBrandsForFilter@26653222]" name="init" is-config="true" duration-ms="13697" started-at="2019-02-26T14:50:23Z" finished-at="2019-02-26T14:50:37Z">
          <reporter-output>
          </reporter-output>
        </test-method> <!-- init -->
        <test-method status="PASS" signature="selectBrandsForFiltering()[pri:0, instance:zalora.testCases.selectBrandsForFilter@26653222]" name="selectBrandsForFiltering" duration-ms="14991" started-at="2019-02-26T14:50:37Z" finished-at="2019-02-26T14:50:52Z">
          <reporter-output>
          </reporter-output>
        </test-method> <!-- selectBrandsForFiltering -->
        <test-method status="PASS" signature="teardown()[pri:0, instance:zalora.testCases.selectBrandsForFilter@26653222]" name="teardown" is-config="true" duration-ms="988" started-at="2019-02-26T14:50:52Z" finished-at="2019-02-26T14:50:53Z">
          <reporter-output>
          </reporter-output>
        </test-method> <!-- teardown -->
      </class> <!-- zalora.testCases.selectBrandsForFilter -->
    </test> <!-- SelectBrandsInFilter -->
    <test name="searchAndAddProductToCart" duration-ms="8" started-at="2019-02-26T14:50:53Z" finished-at="2019-02-26T14:50:53Z">
      <class name="zalora.testCases.searchAndAddProductToCart">
        <test-method status="PASS" signature="init()[pri:0, instance:zalora.testCases.searchAndAddProductToCart@4dfa3a9d]" name="init" is-config="true" duration-ms="1" started-at="2019-02-26T14:50:53Z" finished-at="2019-02-26T14:50:53Z">
          <reporter-output>
          </reporter-output>
        </test-method> <!-- init -->
        <test-method status="FAIL" signature="searchAndAddProduct()[pri:0, instance:zalora.testCases.searchAndAddProductToCart@4dfa3a9d]" name="searchAndAddProduct" duration-ms="3" started-at="2019-02-26T14:50:53Z" finished-at="2019-02-26T14:50:53Z">
          <exception class="org.openqa.selenium.NoSuchSessionException">
            <message>
              <![CDATA[Session ID is null. Using WebDriver after calling quit()?
Build info: version: '3.11.0', revision: 'e59cfb3', time: '2018-03-11T20:26:55.152Z'
System info: host: 'PC-000951-2', ip: '10.192.12.48', os.name: 'Windows 10', os.arch: 'amd64', os.version: '10.0', java.version: '1.8.0_201'
Driver info: driver.version: RemoteWebDriver]]>
            </message>
            <full-stacktrace>
              <![CDATA[org.openqa.selenium.NoSuchSessionException: Session ID is null. Using WebDriver after calling quit()?
Build info: version: '3.11.0', revision: 'e59cfb3', time: '2018-03-11T20:26:55.152Z'
System info: host: 'PC-000951-2', ip: '10.192.12.48', os.name: 'Windows 10', os.arch: 'amd64', os.version: '10.0', java.version: '1.8.0_201'
Driver info: driver.version: RemoteWebDriver
at org.openqa.selenium.remote.HttpCommandExecutor.execute(HttpCommandExecutor.java:125)
at org.openqa.selenium.remote.service.DriverCommandExecutor.execute(DriverCommandExecutor.java:83)
at org.openqa.selenium.remote.RemoteWebDriver.execute(RemoteWebDriver.java:545)
at org.openqa.selenium.remote.RemoteWebDriver.findElements(RemoteWebDriver.java:346)
at org.openqa.selenium.remote.RemoteWebDriver.findElementsByXPath(RemoteWebDriver.java:425)
at org.openqa.selenium.By$ByXPath.findElements(By.java:356)
at org.openqa.selenium.remote.RemoteWebDriver.findElements(RemoteWebDriver.java:307)
at org.openqa.selenium.support.ui.ExpectedConditions.findElement(ExpectedConditions.java:895)
at org.openqa.selenium.support.ui.ExpectedConditions.access$000(ExpectedConditions.java:44)
at org.openqa.selenium.support.ui.ExpectedConditions$6.apply(ExpectedConditions.java:183)
at org.openqa.selenium.support.ui.ExpectedConditions$6.apply(ExpectedConditions.java:180)
at org.openqa.selenium.support.ui.FluentWait.until(FluentWait.java:248)
at zalora.pages.Page.findElement(Page.java:152)
at zalora.pages.HomePage.bypassAdPopup(HomePage.java:57)
at zalora.pages.HomePage.navigateToWomenProductPage(HomePage.java:33)
at zalora.testCases.searchAndAddProductToCart.searchAndAddProduct(searchAndAddProductToCart.java:15)
at sun.reflect.NativeMethodAccessorImpl.invoke0(Native Method)
at sun.reflect.NativeMethodAccessorImpl.invoke(NativeMethodAccessorImpl.java:62)
at sun.reflect.DelegatingMethodAccessorImpl.invoke(DelegatingMethodAccessorImpl.java:43)
at java.lang.reflect.Method.invoke(Method.java:498)
at org.testng.internal.MethodInvocationHelper.invokeMethod(MethodInvocationHelper.java:124)
at org.testng.internal.Invoker.invokeMethod(Invoker.java:580)
at org.testng.internal.Invoker.invokeTestMethod(Invoker.java:716)
at org.testng.internal.Invoker.invokeTestMethods(Invoker.java:988)
at org.testng.internal.TestMethodWorker.invokeTestMethods(TestMethodWorker.java:125)
at org.testng.internal.TestMethodWorker.run(TestMethodWorker.java:109)
at org.testng.TestRunner.privateRun(TestRunner.java:648)
at org.testng.TestRunner.run(TestRunner.java:505)
at org.testng.SuiteRunner.runTest(SuiteRunner.java:455)
at org.testng.SuiteRunner.runSequentially(SuiteRunner.java:450)
at org.testng.SuiteRunner.privateRun(SuiteRunner.java:415)
at org.testng.SuiteRunner.run(SuiteRunner.java:364)
at org.testng.SuiteRunnerWorker.runSuite(SuiteRunnerWorker.java:52)
at org.testng.SuiteRunnerWorker.run(SuiteRunnerWorker.java:84)
at org.testng.TestNG.runSuitesSequentially(TestNG.java:1208)
at org.testng.TestNG.runSuitesLocally(TestNG.java:1137)
at org.testng.TestNG.runSuites(TestNG.java:1049)
at org.testng.TestNG.run(TestNG.java:1017)
at org.testng.remote.AbstractRemoteTestNG.run(AbstractRemoteTestNG.java:114)
at org.testng.remote.RemoteTestNG.initAndRun(RemoteTestNG.java:251)
at org.testng.remote.RemoteTestNG.main(RemoteTestNG.java:77)
]]>
            </full-stacktrace>
          </exception> <!-- org.openqa.selenium.NoSuchSessionException -->
          <reporter-output>
          </reporter-output>
        </test-method> <!-- searchAndAddProduct -->
        <test-method status="PASS" signature="teardown()[pri:0, instance:zalora.testCases.searchAndAddProductToCart@4dfa3a9d]" name="teardown" is-config="true" duration-ms="0" started-at="2019-02-26T14:50:53Z" finished-at="2019-02-26T14:50:53Z">
          <reporter-output>
          </reporter-output>
        </test-method> <!-- teardown -->
      </class> <!-- zalora.testCases.searchAndAddProductToCart -->
    </test> <!-- searchAndAddProductToCart -->
  </suite> <!-- Zalora Offline Assignment -->
</testng-results>
